<?xml version="1.0" encoding="UTF-8"?>
<testng-results ignored="0" total="2" passed="2" failed="0" skipped="0">
  <reporter-output>
  </reporter-output>
  <suite started-at="2026-06-21T23:48:20 IST" name="SuiteOnlyChrome" finished-at="2026-06-21T23:48:33 IST" duration-ms="12929">
    <groups>
    </groups>
    <test started-at="2026-06-21T23:48:20 IST" name="ChromeTest" finished-at="2026-06-21T23:48:33 IST" duration-ms="12929">
      <class name="TestCases.VerifyLogInInvalid2">
        <test-method is-config="true" signature="launchBrowser(java.lang.String,org.testng.ITestContext)[pri:0, instance:TestCases.VerifyLogInInvalid2@3d2ee678]" started-at="2026-06-21T23:48:27 IST" name="launchBrowser" finished-at="2026-06-21T23:48:31 IST" duration-ms="3859" status="PASS">
          <params>
            <param index="0">
              <value>
                <![CDATA[chrome]]>
              </value>
            </param>
            <param index="1">
              <value>
                <![CDATA[org.testng.TestRunner@3b0c9195]]>
              </value>
            </param>
          </params>
          <reporter-output>
          </reporter-output>
        </test-method> <!-- launchBrowser -->
        <test-method signature="verifyInvalidPassword()[pri:0, instance:TestCases.VerifyLogInInvalid2@3d2ee678]" started-at="2026-06-21T23:48:31 IST" name="verifyInvalidPassword" finished-at="2026-06-21T23:48:32 IST" duration-ms="1733" status="PASS">
          <reporter-output>
          </reporter-output>
        </test-method> <!-- verifyInvalidPassword -->
        <test-method is-config="true" signature="tearDownAllSessions()[pri:0, instance:TestCases.VerifyLogInInvalid2@3d2ee678]" started-at="2026-06-21T23:48:32 IST" name="tearDownAllSessions" finished-at="2026-06-21T23:48:33 IST" duration-ms="163" status="PASS">
          <reporter-output>
          </reporter-output>
        </test-method> <!-- tearDownAllSessions -->
      </class> <!-- TestCases.VerifyLogInInvalid2 -->
      <class name="TestCases.VerifyLogInInvalid">
        <test-method is-config="true" signature="launchBrowser(java.lang.String,org.testng.ITestContext)[pri:0, instance:TestCases.VerifyLogInInvalid@2df6226d]" started-at="2026-06-21T23:48:20 IST" name="launchBrowser" finished-at="2026-06-21T23:48:24 IST" duration-ms="4507" status="PASS">
          <params>
            <param index="0">
              <value>
                <![CDATA[chrome]]>
              </value>
            </param>
            <param index="1">
              <value>
                <![CDATA[org.testng.TestRunner@3b0c9195]]>
              </value>
            </param>
          </params>
          <reporter-output>
          </reporter-output>
        </test-method> <!-- launchBrowser -->
        <test-method signature="verifyInvalidPassword()[pri:0, instance:TestCases.VerifyLogInInvalid@2df6226d]" started-at="2026-06-21T23:48:24 IST" name="verifyInvalidPassword" finished-at="2026-06-21T23:48:26 IST" duration-ms="1963" status="PASS">
          <reporter-output>
          </reporter-output>
        </test-method> <!-- verifyInvalidPassword -->
        <test-method is-config="true" signature="tearDownAllSessions()[pri:0, instance:TestCases.VerifyLogInInvalid@2df6226d]" started-at="2026-06-21T23:48:26 IST" name="tearDownAllSessions" finished-at="2026-06-21T23:48:27 IST" duration-ms="181" status="PASS">
          <reporter-output>
          </reporter-output>
        </test-method> <!-- tearDownAllSessions -->
      </class> <!-- TestCases.VerifyLogInInvalid -->
    </test> <!-- ChromeTest -->
  </suite> <!-- SuiteOnlyChrome -->
</testng-results>
