<?xml version="1.0" encoding="UTF-8"?>
<testng-results ignored="0" total="6" passed="6" failed="0" skipped="0">
  <reporter-output>
  </reporter-output>
  <suite started-at="2026-05-25T00:20:38 IST" name="Suite" finished-at="2026-05-25T00:21:52 IST" duration-ms="74156">
    <groups>
    </groups>
    <test started-at="2026-05-25T00:20:38 IST" name="EdgeTest" finished-at="2026-05-25T00:21:32 IST" duration-ms="54129">
      <class name="TestCases.Test_LogInFunction">
        <test-method is-config="true" signature="launchBrowser(java.lang.String)[pri:0, instance:TestCases.Test_LogInFunction@2002fc1d]" started-at="2026-05-25T00:20:39 IST" name="launchBrowser" finished-at="2026-05-25T00:20:56 IST" duration-ms="17510" status="PASS">
          <params>
            <param index="0">
              <value>
                <![CDATA[edge]]>
              </value>
            </param>
          </params>
          <reporter-output>
          </reporter-output>
        </test-method> <!-- launchBrowser -->
        <test-method signature="validLogIn()[pri:1, instance:TestCases.Test_LogInFunction@2002fc1d]" started-at="2026-05-25T00:20:56 IST" name="validLogIn" finished-at="2026-05-25T00:21:00 IST" duration-ms="3977" status="PASS">
          <reporter-output>
          </reporter-output>
        </test-method> <!-- validLogIn -->
        <test-method is-config="true" signature="tearDownAllSessions()[pri:0, instance:TestCases.Test_LogInFunction@2002fc1d]" started-at="2026-05-25T00:21:00 IST" name="tearDownAllSessions" finished-at="2026-05-25T00:21:01 IST" duration-ms="352" status="PASS">
          <reporter-output>
          </reporter-output>
        </test-method> <!-- tearDownAllSessions -->
        <test-method is-config="true" signature="launchBrowser(java.lang.String)[pri:0, instance:TestCases.Test_LogInFunction@2002fc1d]" started-at="2026-05-25T00:21:01 IST" name="launchBrowser" finished-at="2026-05-25T00:21:30 IST" duration-ms="29749" status="PASS">
          <params>
            <param index="0">
              <value>
                <![CDATA[edge]]>
              </value>
            </param>
          </params>
          <reporter-output>
          </reporter-output>
        </test-method> <!-- launchBrowser -->
        <test-method signature="InvalidUsername()[pri:2, instance:TestCases.Test_LogInFunction@2002fc1d]" started-at="2026-05-25T00:21:30 IST" name="InvalidUsername" finished-at="2026-05-25T00:21:32 IST" duration-ms="1843" status="PASS">
          <reporter-output>
          </reporter-output>
        </test-method> <!-- InvalidUsername -->
        <test-method is-config="true" signature="tearDownAllSessions()[pri:0, instance:TestCases.Test_LogInFunction@2002fc1d]" started-at="2026-05-25T00:21:32 IST" name="tearDownAllSessions" finished-at="2026-05-25T00:21:32 IST" duration-ms="208" status="PASS">
          <reporter-output>
          </reporter-output>
        </test-method> <!-- tearDownAllSessions -->
      </class> <!-- TestCases.Test_LogInFunction -->
    </test> <!-- EdgeTest -->
    <test started-at="2026-05-25T00:20:38 IST" name="FireFoxTest" finished-at="2026-05-25T00:21:38 IST" duration-ms="59767">
      <class name="TestCases.Test_LogInFunction">
        <test-method is-config="true" signature="launchBrowser(java.lang.String)[pri:0, instance:TestCases.Test_LogInFunction@6f4a47c7]" started-at="2026-05-25T00:20:39 IST" name="launchBrowser" finished-at="2026-05-25T00:21:10 IST" duration-ms="31225" status="PASS">
          <params>
            <param index="0">
              <value>
                <![CDATA[firefox]]>
              </value>
            </param>
          </params>
          <reporter-output>
          </reporter-output>
        </test-method> <!-- launchBrowser -->
        <test-method signature="validLogIn()[pri:1, instance:TestCases.Test_LogInFunction@6f4a47c7]" started-at="2026-05-25T00:21:10 IST" name="validLogIn" finished-at="2026-05-25T00:21:14 IST" duration-ms="3876" status="PASS">
          <reporter-output>
          </reporter-output>
        </test-method> <!-- validLogIn -->
        <test-method is-config="true" signature="tearDownAllSessions()[pri:0, instance:TestCases.Test_LogInFunction@6f4a47c7]" started-at="2026-05-25T00:21:14 IST" name="tearDownAllSessions" finished-at="2026-05-25T00:21:15 IST" duration-ms="1467" status="PASS">
          <reporter-output>
          </reporter-output>
        </test-method> <!-- tearDownAllSessions -->
        <test-method is-config="true" signature="launchBrowser(java.lang.String)[pri:0, instance:TestCases.Test_LogInFunction@6f4a47c7]" started-at="2026-05-25T00:21:15 IST" name="launchBrowser" finished-at="2026-05-25T00:21:36 IST" duration-ms="20526" status="PASS">
          <params>
            <param index="0">
              <value>
                <![CDATA[firefox]]>
              </value>
            </param>
          </params>
          <reporter-output>
          </reporter-output>
        </test-method> <!-- launchBrowser -->
        <test-method signature="InvalidUsername()[pri:2, instance:TestCases.Test_LogInFunction@6f4a47c7]" started-at="2026-05-25T00:21:36 IST" name="InvalidUsername" finished-at="2026-05-25T00:21:37 IST" duration-ms="1115" status="PASS">
          <reporter-output>
          </reporter-output>
        </test-method> <!-- InvalidUsername -->
        <test-method is-config="true" signature="tearDownAllSessions()[pri:0, instance:TestCases.Test_LogInFunction@6f4a47c7]" started-at="2026-05-25T00:21:37 IST" name="tearDownAllSessions" finished-at="2026-05-25T00:21:38 IST" duration-ms="1096" status="PASS">
          <reporter-output>
          </reporter-output>
        </test-method> <!-- tearDownAllSessions -->
      </class> <!-- TestCases.Test_LogInFunction -->
    </test> <!-- FireFoxTest -->
    <test started-at="2026-05-25T00:20:38 IST" name="ChromeTest" finished-at="2026-05-25T00:21:52 IST" duration-ms="74156">
      <class name="TestCases.Test_LogInFunction">
        <test-method is-config="true" signature="launchBrowser(java.lang.String)[pri:0, instance:TestCases.Test_LogInFunction@6b2ea799]" started-at="2026-05-25T00:20:39 IST" name="launchBrowser" finished-at="2026-05-25T00:21:19 IST" duration-ms="40364" status="PASS">
          <params>
            <param index="0">
              <value>
                <![CDATA[chrome]]>
              </value>
            </param>
          </params>
          <reporter-output>
          </reporter-output>
        </test-method> <!-- launchBrowser -->
        <test-method signature="validLogIn()[pri:1, instance:TestCases.Test_LogInFunction@6b2ea799]" started-at="2026-05-25T00:21:19 IST" name="validLogIn" finished-at="2026-05-25T00:21:22 IST" duration-ms="3369" status="PASS">
          <reporter-output>
          </reporter-output>
        </test-method> <!-- validLogIn -->
        <test-method is-config="true" signature="tearDownAllSessions()[pri:0, instance:TestCases.Test_LogInFunction@6b2ea799]" started-at="2026-05-25T00:21:22 IST" name="tearDownAllSessions" finished-at="2026-05-25T00:21:23 IST" duration-ms="305" status="PASS">
          <reporter-output>
          </reporter-output>
        </test-method> <!-- tearDownAllSessions -->
        <test-method is-config="true" signature="launchBrowser(java.lang.String)[pri:0, instance:TestCases.Test_LogInFunction@6b2ea799]" started-at="2026-05-25T00:21:23 IST" name="launchBrowser" finished-at="2026-05-25T00:21:51 IST" duration-ms="28509" status="PASS">
          <params>
            <param index="0">
              <value>
                <![CDATA[chrome]]>
              </value>
            </param>
          </params>
          <reporter-output>
          </reporter-output>
        </test-method> <!-- launchBrowser -->
        <test-method signature="InvalidUsername()[pri:2, instance:TestCases.Test_LogInFunction@6b2ea799]" started-at="2026-05-25T00:21:51 IST" name="InvalidUsername" finished-at="2026-05-25T00:21:52 IST" duration-ms="883" status="PASS">
          <reporter-output>
          </reporter-output>
        </test-method> <!-- InvalidUsername -->
        <test-method is-config="true" signature="tearDownAllSessions()[pri:0, instance:TestCases.Test_LogInFunction@6b2ea799]" started-at="2026-05-25T00:21:52 IST" name="tearDownAllSessions" finished-at="2026-05-25T00:21:52 IST" duration-ms="243" status="PASS">
          <reporter-output>
          </reporter-output>
        </test-method> <!-- tearDownAllSessions -->
      </class> <!-- TestCases.Test_LogInFunction -->
    </test> <!-- ChromeTest -->
  </suite> <!-- Suite -->
</testng-results>
