<?xml version="1.0" encoding="UTF-8"?>
<!-- Generated by org.testng.reporters.JUnitReportReporter -->
<testsuite hostname="Pranit_Vivobook" failures="0" tests="3" name="TestCases.SampleTest" time="0.010" errors="0" timestamp="2026-05-01T17:26:20 IST" skipped="0">
  <testcase classname="TestCases.SampleTest" name="testSample" time="0.002"/>
  <testcase classname="TestCases.SampleTest" name="testSample" time="0.008"/>
  <testcase classname="TestCases.SampleTest" name="testSample" time="0.000"/>
</testsuite> <!-- TestCases.SampleTest -->
