<?xml version="1.0" encoding="UTF-8"?>
<!-- Generated by org.testng.reporters.JUnitReportReporter -->
<testsuite hostname="Pranit_Vivobook" failures="0" tests="6" name="TestCases.Test_LogInFunction" time="186.617" errors="0" timestamp="2026-05-25T00:21:54 IST" skipped="0">
  <testcase classname="TestCases.Test_LogInFunction" name="validLogIn" time="34.078"/>
  <testcase classname="TestCases.Test_LogInFunction" name="validLogIn" time="25.498"/>
  <testcase classname="TestCases.Test_LogInFunction" name="validLogIn" time="44.038"/>
  <testcase classname="TestCases.Test_LogInFunction" name="InvalidUsername" time="29.635"/>
  <testcase classname="TestCases.Test_LogInFunction" name="InvalidUsername" time="19.561"/>
  <testcase classname="TestCases.Test_LogInFunction" name="InvalidUsername" time="33.807"/>
</testsuite> <!-- TestCases.Test_LogInFunction -->
