<?xml version="1.0" encoding="UTF-8"?>
<!-- Generated by org.testng.reporters.JUnitReportReporter -->
<testsuite hostname="Pranit_Vivobook" failures="0" tests="6" name="TestCases.Test_LogInFunction" time="118.088" errors="0" timestamp="2026-05-24T00:12:32 IST" skipped="0">
  <testcase classname="TestCases.Test_LogInFunction" name="validLogIn" time="13.424"/>
  <testcase classname="TestCases.Test_LogInFunction" name="validLogIn" time="18.082"/>
  <testcase classname="TestCases.Test_LogInFunction" name="validLogIn" time="12.661"/>
  <testcase classname="TestCases.Test_LogInFunction" name="InvalidUsername" time="7.454"/>
  <testcase classname="TestCases.Test_LogInFunction" name="InvalidUsername" time="21.493"/>
  <testcase classname="TestCases.Test_LogInFunction" name="InvalidUsername" time="44.974"/>
</testsuite> <!-- TestCases.Test_LogInFunction -->
